{"/home/rafael/React/NinjaReact/jest-in-pratice/src/find/find-recursive.js": {"path":"/home/rafael/React/NinjaReact/jest-in-pratice/src/find/find-recursive.js","statementMap":{"0":{"start":{"line":3,"column":13},"end":{"line":13,"column":1}},"1":{"start":{"line":4,"column":2},"end":{"line":12,"column":12}},"2":{"start":{"line":5,"column":28},"end":{"line":5,"column":39}},"3":{"start":{"line":7,"column":4},"end":{"line":11,"column":39}}},"fnMap":{"0":{"name":"(anonymous_0)","decl":{"start":{"line":3,"column":13},"end":{"line":3,"column":14}},"loc":{"start":{"line":3,"column":28},"end":{"line":13,"column":1}},"line":3},"1":{"name":"findInternal","decl":{"start":{"line":4,"column":19},"end":{"line":4,"column":31}},"loc":{"start":{"line":4,"column":53},"end":{"line":12,"column":3}},"line":4}},"branchMap":{"0":{"loc":{"start":{"line":7,"column":11},"end":{"line":11,"column":39}},"type":"cond-expr","locations":[{"start":{"line":8,"column":6},"end":{"line":8,"column":15}},{"start":{"line":9,"column":6},"end":{"line":11,"column":39}}],"line":7},"1":{"loc":{"start":{"line":9,"column":6},"end":{"line":11,"column":39}},"type":"cond-expr","locations":[{"start":{"line":10,"column":8},"end":{"line":10,"column":12}},{"start":{"line":11,"column":8},"end":{"line":11,"column":39}}],"line":9}},"s":{"0":1,"1":5,"2":9,"3":9},"f":{"0":5,"1":9},"b":{"0":[1,8],"1":[4,4]},"_coverageSchema":"332fd63041d2c1bcb487cc26dd0d5f7d97098a6c","hash":"d912f63444f014e6e4ee1c4f6b7aa69828d9346a"}
}
